Сборка начата 13.05.2015 22:14:25.
     1>Проект "H:\Projects\Проект-ХО\Проект-ХО\Проект-ХО.vcxproj" в узле 2 (целевые объекты Build).
     1>ClCompile:
         C:\Program Files (x86)\Microsoft Visual Studio 12.0\VC\bin\CL.exe /c /Zi /nologo /W3 /WX- /O2 /Oi /Oy- /GL /D WIN32 /D NDEBUG /D _CONSOLE /D _LIB /D _USING_V110_SDK71_ /D _UNICODE /D UNICODE /Gm- /EHsc /MD /GS /Gy /fp:precise /Zc:wchar_t /Zc:forScope /Fo"Release\\" /Fd"Release\vc120.pdb" /Gd /TP /analyze- /errorReport:prompt "Исходный код.cpp"
         Исходный код.cpp
     1>h:\projects\проект-хо\проект-хо\XOfun.h(71): warning C4018: <: несоответствие типов со знаком и без знака
     1>h:\projects\проект-хо\проект-хо\XOfun.h(73): warning C4018: <: несоответствие типов со знаком и без знака
     1>h:\projects\проект-хо\проект-хо\XOfun.h(95): warning C4018: <: несоответствие типов со знаком и без знака
     1>h:\projects\проект-хо\проект-хо\XOfun.h(141): warning C4554: &: проверьте порядок применения операторов на наличие ошибки; для четкого задания порядка используйте скобки
     1>h:\projects\проект-хо\проект-хо\XOfun.h(142): warning C4554: &: проверьте порядок применения операторов на наличие ошибки; для четкого задания порядка используйте скобки
     1>h:\projects\проект-хо\проект-хо\XOfun.h(143): warning C4554: &: проверьте порядок применения операторов на наличие ошибки; для четкого задания порядка используйте скобки
     1>h:\projects\проект-хо\проект-хо\XOfun.h(144): warning C4554: &: проверьте порядок применения операторов на наличие ошибки; для четкого задания порядка используйте скобки
     1>h:\projects\проект-хо\проект-хо\XOfun.h(146): warning C4554: &: проверьте порядок применения операторов на наличие ошибки; для четкого задания порядка используйте скобки
     1>h:\projects\проект-хо\проект-хо\XOfun.h(165): warning C4554: &: проверьте порядок применения операторов на наличие ошибки; для четкого задания порядка используйте скобки
     1>h:\projects\проект-хо\проект-хо\XOfun.h(166): warning C4554: &: проверьте порядок применения операторов на наличие ошибки; для четкого задания порядка используйте скобки
     1>h:\projects\проект-хо\проект-хо\XOfun.h(167): warning C4554: &: проверьте порядок применения операторов на наличие ошибки; для четкого задания порядка используйте скобки
     1>h:\projects\проект-хо\проект-хо\XOfun.h(168): warning C4554: &: проверьте порядок применения операторов на наличие ошибки; для четкого задания порядка используйте скобки
     1>h:\projects\проект-хо\проект-хо\XOfun.h(170): warning C4554: &: проверьте порядок применения операторов на наличие ошибки; для четкого задания порядка используйте скобки
     1>h:\projects\проект-хо\проект-хо\XOfun.h(264): warning C4554: &: проверьте порядок применения операторов на наличие ошибки; для четкого задания порядка используйте скобки
     1>h:\projects\проект-хо\проект-хо\XOfun.h(265): warning C4554: &: проверьте порядок применения операторов на наличие ошибки; для четкого задания порядка используйте скобки
     1>h:\projects\проект-хо\проект-хо\XOfun.h(294): warning C4804: +=: небезопасное использование типа "bool" в операции
     1>h:\projects\проект-хо\проект-хо\XOfun.h(294): warning C4800: int: принудительно задано логическое значение "true" или "false" (предупреждение о производительности)
     1>h:\projects\проект-хо\проект-хо\XOfun.h(305): warning C4804: +=: небезопасное использование типа "bool" в операции
     1>h:\projects\проект-хо\проект-хо\XOfun.h(305): warning C4800: int: принудительно задано логическое значение "true" или "false" (предупреждение о производительности)
     1>h:\projects\проект-хо\проект-хо\XOfun.h(318): warning C4804: +=: небезопасное использование типа "bool" в операции
     1>h:\projects\проект-хо\проект-хо\XOfun.h(318): warning C4800: int: принудительно задано логическое значение "true" или "false" (предупреждение о производительности)
     1>h:\projects\проект-хо\проект-хо\XOfun.h(331): warning C4804: +=: небезопасное использование типа "bool" в операции
     1>h:\projects\проект-хо\проект-хо\XOfun.h(331): warning C4800: int: принудительно задано логическое значение "true" или "false" (предупреждение о производительности)
     1>h:\projects\проект-хо\проект-хо\XOfun.h(366): warning C4554: &: проверьте порядок применения операторов на наличие ошибки; для четкого задания порядка используйте скобки
     1>h:\projects\проект-хо\проект-хо\XOfun.h(390): warning C4554: &: проверьте порядок применения операторов на наличие ошибки; для четкого задания порядка используйте скобки
     1>h:\projects\проект-хо\проект-хо\XOfun.h(445): warning C4554: &: проверьте порядок применения операторов на наличие ошибки; для четкого задания порядка используйте скобки
     1>h:\projects\проект-хо\проект-хо\XOfun.h(469): warning C4554: &: проверьте порядок применения операторов на наличие ошибки; для четкого задания порядка используйте скобки
     1>h:\projects\проект-хо\проект-хо\XOfun.h(520): warning C4554: &: проверьте порядок применения операторов на наличие ошибки; для четкого задания порядка используйте скобки
     1>h:\projects\проект-хо\проект-хо\XOfun.h(531): warning C4554: &: проверьте порядок применения операторов на наличие ошибки; для четкого задания порядка используйте скобки
     1>h:\projects\проект-хо\проект-хо\XOfun.h(542): warning C4554: &: проверьте порядок применения операторов на наличие ошибки; для четкого задания порядка используйте скобки
     1>h:\projects\проект-хо\проект-хо\XOfun.h(553): warning C4554: &: проверьте порядок применения операторов на наличие ошибки; для четкого задания порядка используйте скобки
     1>h:\projects\проект-хо\проект-хо\XOfun.h(573): warning C4554: &: проверьте порядок применения операторов на наличие ошибки; для четкого задания порядка используйте скобки
     1>h:\projects\проект-хо\проект-хо\XOfun.h(584): warning C4554: &: проверьте порядок применения операторов на наличие ошибки; для четкого задания порядка используйте скобки
     1>h:\projects\проект-хо\проект-хо\XOfun.h(595): warning C4554: &: проверьте порядок применения операторов на наличие ошибки; для четкого задания порядка используйте скобки
     1>h:\projects\проект-хо\проект-хо\XOfun.h(606): warning C4554: &: проверьте порядок применения операторов на наличие ошибки; для четкого задания порядка используйте скобки
     1>Исходный код.cpp(19): error C2664: "HMODULE GetModuleHandleW(LPCWSTR)": невозможно преобразовать аргумент 1 из "const char [13]" в "LPCWSTR"
                 Типы, на которые указывают указатели, не связаны; для преобразования требуется reinterpret_cast, приведение в стиле С или приведение в стиле функции
     1>Исходный код.cpp(95): warning C4244: аргумент: преобразование "time_t" в "unsigned int", возможна потеря данных
     1>Исходный код.cpp(145): warning C4554: &: проверьте порядок применения операторов на наличие ошибки; для четкого задания порядка используйте скобки
     1>Исходный код.cpp(154): warning C4554: &: проверьте порядок применения операторов на наличие ошибки; для четкого задания порядка используйте скобки
     1>Сборка проекта "H:\Projects\Проект-ХО\Проект-ХО\Проект-ХО.vcxproj" завершена (целевые объекты Build) с ошибкой.

Ошибка сборки.

Затраченное время: 00:00:03.15
