Сборка начата 13.05.2015 22:47:23.
     1>Проект "H:\Projects\Проект-ХО\Проект-ХО\Проект-ХО.vcxproj" в узле 2 (целевые объекты Build).
     1>ClCompile:
         C:\Program Files (x86)\Microsoft Visual Studio 12.0\VC\bin\CL.exe /c /ZI /nologo /W3 /WX- /Od /Oy- /D WIN32 /D _DEBUG /D _CONSOLE /D _LIB /Gm /EHsc /RTC1 /MDd /GS /fp:precise /Zc:wchar_t /Zc:forScope /Fo"Debug\\" /Fd"Debug\vc120.pdb" /Gd /TP /analyze- /errorReport:prompt "Исходный код.cpp"
         Исходный код.cpp
     1>h:\projects\проект-хо\проект-хо\xofun.h(71): warning C4018: <: несоответствие типов со знаком и без знака
     1>h:\projects\проект-хо\проект-хо\xofun.h(73): warning C4018: <: несоответствие типов со знаком и без знака
     1>h:\projects\проект-хо\проект-хо\xofun.h(95): warning C4018: <: несоответствие типов со знаком и без знака
     1>h:\projects\проект-хо\проект-хо\xofun.h(141): warning C4554: &: проверьте порядок применения операторов на наличие ошибки; для четкого задания порядка используйте скобки
     1>h:\projects\проект-хо\проект-хо\xofun.h(142): warning C4554: &: проверьте порядок применения операторов на наличие ошибки; для четкого задания порядка используйте скобки
     1>h:\projects\проект-хо\проект-хо\xofun.h(143): warning C4554: &: проверьте порядок применения операторов на наличие ошибки; для четкого задания порядка используйте скобки
     1>h:\projects\проект-хо\проект-хо\xofun.h(144): warning C4554: &: проверьте порядок применения операторов на наличие ошибки; для четкого задания порядка используйте скобки
     1>h:\projects\проект-хо\проект-хо\xofun.h(146): warning C4554: &: проверьте порядок применения операторов на наличие ошибки; для четкого задания порядка используйте скобки
     1>h:\projects\проект-хо\проект-хо\xofun.h(165): warning C4554: &: проверьте порядок применения операторов на наличие ошибки; для четкого задания порядка используйте скобки
     1>h:\projects\проект-хо\проект-хо\xofun.h(166): warning C4554: &: проверьте порядок применения операторов на наличие ошибки; для четкого задания порядка используйте скобки
     1>h:\projects\проект-хо\проект-хо\xofun.h(167): warning C4554: &: проверьте порядок применения операторов на наличие ошибки; для четкого задания порядка используйте скобки
     1>h:\projects\проект-хо\проект-хо\xofun.h(168): warning C4554: &: проверьте порядок применения операторов на наличие ошибки; для четкого задания порядка используйте скобки
     1>h:\projects\проект-хо\проект-хо\xofun.h(170): warning C4554: &: проверьте порядок применения операторов на наличие ошибки; для четкого задания порядка используйте скобки
     1>h:\projects\проект-хо\проект-хо\xofun.h(264): warning C4554: &: проверьте порядок применения операторов на наличие ошибки; для четкого задания порядка используйте скобки
     1>h:\projects\проект-хо\проект-хо\xofun.h(265): warning C4554: &: проверьте порядок применения операторов на наличие ошибки; для четкого задания порядка используйте скобки
     1>h:\projects\проект-хо\проект-хо\xofun.h(294): warning C4804: +=: небезопасное использование типа "bool" в операции
     1>h:\projects\проект-хо\проект-хо\xofun.h(294): warning C4800: int: принудительно задано логическое значение "true" или "false" (предупреждение о производительности)
     1>h:\projects\проект-хо\проект-хо\xofun.h(305): warning C4804: +=: небезопасное использование типа "bool" в операции
     1>h:\projects\проект-хо\проект-хо\xofun.h(305): warning C4800: int: принудительно задано логическое значение "true" или "false" (предупреждение о производительности)
     1>h:\projects\проект-хо\проект-хо\xofun.h(318): warning C4804: +=: небезопасное использование типа "bool" в операции
     1>h:\projects\проект-хо\проект-хо\xofun.h(318): warning C4800: int: принудительно задано логическое значение "true" или "false" (предупреждение о производительности)
     1>h:\projects\проект-хо\проект-хо\xofun.h(331): warning C4804: +=: небезопасное использование типа "bool" в операции
     1>h:\projects\проект-хо\проект-хо\xofun.h(331): warning C4800: int: принудительно задано логическое значение "true" или "false" (предупреждение о производительности)
     1>h:\projects\проект-хо\проект-хо\xofun.h(366): warning C4554: &: проверьте порядок применения операторов на наличие ошибки; для четкого задания порядка используйте скобки
     1>h:\projects\проект-хо\проект-хо\xofun.h(390): warning C4554: &: проверьте порядок применения операторов на наличие ошибки; для четкого задания порядка используйте скобки
     1>h:\projects\проект-хо\проект-хо\xofun.h(445): warning C4554: &: проверьте порядок применения операторов на наличие ошибки; для четкого задания порядка используйте скобки
     1>h:\projects\проект-хо\проект-хо\xofun.h(469): warning C4554: &: проверьте порядок применения операторов на наличие ошибки; для четкого задания порядка используйте скобки
     1>h:\projects\проект-хо\проект-хо\xofun.h(520): warning C4554: &: проверьте порядок применения операторов на наличие ошибки; для четкого задания порядка используйте скобки
     1>h:\projects\проект-хо\проект-хо\xofun.h(531): warning C4554: &: проверьте порядок применения операторов на наличие ошибки; для четкого задания порядка используйте скобки
     1>h:\projects\проект-хо\проект-хо\xofun.h(542): warning C4554: &: проверьте порядок применения операторов на наличие ошибки; для четкого задания порядка используйте скобки
     1>h:\projects\проект-хо\проект-хо\xofun.h(553): warning C4554: &: проверьте порядок применения операторов на наличие ошибки; для четкого задания порядка используйте скобки
     1>h:\projects\проект-хо\проект-хо\xofun.h(573): warning C4554: &: проверьте порядок применения операторов на наличие ошибки; для четкого задания порядка используйте скобки
     1>h:\projects\проект-хо\проект-хо\xofun.h(584): warning C4554: &: проверьте порядок применения операторов на наличие ошибки; для четкого задания порядка используйте скобки
     1>h:\projects\проект-хо\проект-хо\xofun.h(595): warning C4554: &: проверьте порядок применения операторов на наличие ошибки; для четкого задания порядка используйте скобки
     1>h:\projects\проект-хо\проект-хо\xofun.h(606): warning C4554: &: проверьте порядок применения операторов на наличие ошибки; для четкого задания порядка используйте скобки
     1>h:\projects\проект-хо\проект-хо\исходный код.cpp(52): warning C4996: 'getch': The POSIX name for this item is deprecated. Instead, use the ISO C++ conformant name: _getch. See online help for details.
                 c:\program files (x86)\microsoft visual studio 12.0\vc\include\conio.h(131): см. объявление "getch"
     1>h:\projects\проект-хо\проект-хо\исходный код.cpp(99): warning C4244: аргумент: преобразование "time_t" в "unsigned int", возможна потеря данных
     1>h:\projects\проект-хо\проект-хо\исходный код.cpp(118): warning C4996: 'getch': The POSIX name for this item is deprecated. Instead, use the ISO C++ conformant name: _getch. See online help for details.
                 c:\program files (x86)\microsoft visual studio 12.0\vc\include\conio.h(131): см. объявление "getch"
     1>h:\projects\проект-хо\проект-хо\исходный код.cpp(149): warning C4554: &: проверьте порядок применения операторов на наличие ошибки; для четкого задания порядка используйте скобки
     1>h:\projects\проект-хо\проект-хо\исходный код.cpp(158): warning C4554: &: проверьте порядок применения операторов на наличие ошибки; для четкого задания порядка используйте скобки
     1>h:\projects\проект-хо\проект-хо\исходный код.cpp(168): warning C4996: 'getch': The POSIX name for this item is deprecated. Instead, use the ISO C++ conformant name: _getch. See online help for details.
                 c:\program files (x86)\microsoft visual studio 12.0\vc\include\conio.h(131): см. объявление "getch"
       Link:
         C:\Program Files (x86)\Microsoft Visual Studio 12.0\VC\bin\link.exe /ERRORREPORT:PROMPT /OUT:"H:\Projects\Проект-ХО\Debug\Проект-ХО.exe" /INCREMENTAL /NOLOGO kernel32.lib user32.lib gdi32.lib winspool.lib comdlg32.lib advapi32.lib shell32.lib ole32.lib oleaut32.lib uuid.lib odbc32.lib odbccp32.lib /MANIFEST /MANIFESTUAC:"level='asInvoker' uiAccess='false'" /manifest:embed /DEBUG /PDB:"H:\Projects\Проект-ХО\Debug\Проект-ХО.pdb" /SUBSYSTEM:CONSOLE /TLBID:1 /DYNAMICBASE /NXCOMPAT /IMPLIB:"H:\Projects\Проект-ХО\Debug\Проект-ХО.lib" /MACHINE:X86 "Debug\Проект-ХО.res"
         "Debug\Исходный код.obj"
         Проект-ХО.vcxproj -> H:\Projects\Проект-ХО\Debug\Проект-ХО.exe
     1>Сборка проекта "H:\Projects\Проект-ХО\Проект-ХО\Проект-ХО.vcxproj" завершена (целевые объекты Build).

Сборка успешно завершена.

Затраченное время: 00:00:09.55
